==========================================
Date      : Tue Jul 21 07:45:01 UTC 2026
Hostname  : ip-172-31-22-176.ec2.internal
CPU Usage      : 0%
Memory Usage   : 18%
Disk Usage     : 22%

========== SERVICE STATUS ==========
nginx : Stopped
httpd : Stopped
jenkins : Stopped
docker : Stopped

========== DISK INODE ==========
Disk Inode Usage : 2%

========== NETWORK CONNECTIVITY ==========
Internet Status : Connected

========== WEBSITE REACHABILITY ==========
https://www.google.com : Reachable (HTTP 200)
Daily Report Generated : /home/ec2-user/server-monitor/reports/server-report-2026-07-21.txt
WARNING : High Disk Inode Usage (2%)
==========================================
Date      : Tue Jul 21 08:00:02 UTC 2026
Hostname  : ip-172-31-22-176.ec2.internal
CPU Usage      : 18%
Memory Usage   : 18%
Disk Usage     : 22%

========== SERVICE STATUS ==========
nginx : Stopped
httpd : Stopped
jenkins : Stopped
docker : Stopped

========== DISK INODE ==========
Disk Inode Usage : 2%

========== NETWORK CONNECTIVITY ==========
Internet Status : Connected

========== WEBSITE REACHABILITY ==========
https://www.google.com : Reachable (HTTP 200)
Daily Report Generated : /home/ec2-user/server-monitor/reports/server-report-2026-07-21.txt
WARNING : High Disk Inode Usage (2%)
==========================================
Date      : Tue Jul 21 08:45:01 UTC 2026
Hostname  : ip-172-31-22-176.ec2.internal
CPU Usage      : 5%
Memory Usage   : 17%
Disk Usage     : 22%

========== SERVICE STATUS ==========
nginx : Stopped
httpd : Stopped
jenkins : Stopped
docker : Stopped

========== DISK INODE ==========
Disk Inode Usage : 2%

========== NETWORK CONNECTIVITY ==========
Internet Status : Connected

========== WEBSITE REACHABILITY ==========
https://www.google.com : Reachable (HTTP 200)
Daily Report Generated : /home/ec2-user/server-monitor/reports/server-report-2026-07-21.txt
WARNING : High Disk Inode Usage (2%)
==========================================
Date      : Tue Jul 21 09:00:02 UTC 2026
Hostname  : ip-172-31-22-176.ec2.internal
CPU Usage      : 5%
Memory Usage   : 18%
Disk Usage     : 22%

========== SERVICE STATUS ==========
nginx : Stopped
httpd : Stopped
jenkins : Stopped
docker : Stopped

========== DISK INODE ==========
Disk Inode Usage : 2%

========== NETWORK CONNECTIVITY ==========
Internet Status : Connected

========== WEBSITE REACHABILITY ==========
https://www.google.com : Reachable (HTTP 200)
Daily Report Generated : /home/ec2-user/server-monitor/reports/server-report-2026-07-21.txt
WARNING : High Disk Inode Usage (2%)
test
test
==========================================
Date      : Tue Jul 21 09:31:20 UTC 2026
Hostname  : ip-172-31-22-176.ec2.internal
CPU Usage      : 3%
Memory Usage   : 30%
Disk Usage     : 27%

========== SERVICE STATUS ==========
nginx : Stopped
httpd : Running
jenkins : Stopped
docker : Running

========== DISK INODE ==========
Disk Inode Usage : 2%

========== NETWORK CONNECTIVITY ==========
Internet Status : Connected

========== WEBSITE REACHABILITY ==========
https://www.google.com : Reachable (HTTP 200)
Daily Report Generated : /home/ec2-user/server-monitor/reports/server-report-2026-07-21.txt
WARNING : High Disk Inode Usage (2%)
==========================================
Date      : Tue Jul 21 09:33:08 UTC 2026
Hostname  : ip-172-31-22-176.ec2.internal
CPU Usage      : 3%
Memory Usage   : 30%
Disk Usage     : 27%

========== SERVICE STATUS ==========
nginx : Stopped
httpd : Running
jenkins : Stopped
docker : Running

========== DISK INODE ==========
Disk Inode Usage : 2%

========== NETWORK CONNECTIVITY ==========
Internet Status : Connected

========== WEBSITE REACHABILITY ==========
https://www.google.com : Reachable (HTTP 200)
Daily Report Generated : /home/ec2-user/server-monitor/reports/server-report-2026-07-21.txt
WARNING : High Disk Inode Usage (2%)
==========================================
Date      : Tue Jul 21 09:37:26 UTC 2026
Hostname  : ip-172-31-22-176.ec2.internal
CPU Usage      : 3%
Memory Usage   : 29%
Disk Usage     : 27%

========== SERVICE STATUS ==========
nginx : Stopped
httpd : Running
jenkins : Stopped
docker : Running

========== DISK INODE ==========
Disk Inode Usage : 2%

========== NETWORK CONNECTIVITY ==========
Internet Status : Connected

========== WEBSITE REACHABILITY ==========
https://www.google.com : Reachable (HTTP 200)
Daily Report Generated : /home/ec2-user/server-monitor/reports/server-report-2026-07-21.txt
WARNING : High Disk Inode Usage (2%)
==========================================
Date      : Tue Jul 21 09:37:54 UTC 2026
Hostname  : ip-172-31-22-176.ec2.internal
CPU Usage      : 3%
Memory Usage   : 30%
Disk Usage     : 27%

========== SERVICE STATUS ==========
nginx : Stopped
httpd : Running
jenkins : Stopped
docker : Running

========== DISK INODE ==========
Disk Inode Usage : 2%

========== NETWORK CONNECTIVITY ==========
Internet Status : Connected

========== WEBSITE REACHABILITY ==========
https://www.google.com : Reachable (HTTP 200)
Daily Report Generated : /home/ec2-user/server-monitor/reports/server-report-2026-07-21.txt
WARNING : High Disk Inode Usage (2%)
==========================================
Date      : Tue Jul 21 10:08:02 UTC 2026
Hostname  : ip-172-31-22-176.ec2.internal
CPU Usage      : 3%
Memory Usage   : 29%
Disk Usage     : 31%

========== SERVICE STATUS ==========
nginx : Running
httpd : Running
jenkins : Stopped
docker : Running

========== DISK INODE ==========
Disk Inode Usage : 2%

========== NETWORK CONNECTIVITY ==========
Internet Status : Connected

========== WEBSITE REACHABILITY ==========
https://www.google.com : Reachable (HTTP 200)
Daily Report Generated : /home/ec2-user/server-monitor/reports/server-report-2026-07-21.txt
WARNING : High Disk Inode Usage (2%)
==========================================
Date      : Tue Jul 21 10:25:25 UTC 2026
Hostname  : ip-172-31-22-176.ec2.internal
CPU Usage      : 0%
Memory Usage   : 28%
Disk Usage     : 31%

========== SERVICE STATUS ==========
nginx : Running
httpd : Running
jenkins : Stopped
docker : Running

========== DISK INODE ==========
Disk Inode Usage : 2%

========== NETWORK CONNECTIVITY ==========
Internet Status : Connected

========== WEBSITE REACHABILITY ==========
https://www.google.com : Reachable (HTTP 200)
Daily Report Generated : /home/ec2-user/server-monitor/reports/server-report-2026-07-21.txt
WARNING : High Disk Inode Usage (2%)
==========================================
Date      : Tue Jul 21 10:25:36 UTC 2026
Hostname  : ip-172-31-22-176.ec2.internal
CPU Usage      : 3%
Memory Usage   : 28%
Disk Usage     : 31%

========== SERVICE STATUS ==========
nginx : Running
httpd : Running
jenkins : Stopped
docker : Running

========== DISK INODE ==========
Disk Inode Usage : 2%

========== NETWORK CONNECTIVITY ==========
Internet Status : Connected

========== WEBSITE REACHABILITY ==========
https://www.google.com : Reachable (HTTP 200)
Daily Report Generated : /home/ec2-user/server-monitor/reports/server-report-2026-07-21.txt
WARNING : High Disk Inode Usage (2%)
==========================================
Date      : Tue Jul 21 10:25:44 UTC 2026
Hostname  : ip-172-31-22-176.ec2.internal
CPU Usage      : 0%
Memory Usage   : 29%
Disk Usage     : 31%

========== SERVICE STATUS ==========
nginx : Running
httpd : Running
jenkins : Stopped
docker : Running

========== DISK INODE ==========
Disk Inode Usage : 2%

========== NETWORK CONNECTIVITY ==========
Internet Status : Connected

========== WEBSITE REACHABILITY ==========
https://www.google.com : Reachable (HTTP 200)
Daily Report Generated : /home/ec2-user/server-monitor/reports/server-report-2026-07-21.txt
WARNING : High Disk Inode Usage (2%)
==========================================
Date      : Tue Jul 21 10:39:53 UTC 2026
Hostname  : ip-172-31-22-176.ec2.internal
CPU Usage      : 3%
Memory Usage   : 29%
Disk Usage     : 31%

========== SERVICE STATUS ==========
nginx : Running
httpd : Running
jenkins : Stopped
docker : Running

========== DISK INODE ==========
Disk Inode Usage : 2%

========== NETWORK CONNECTIVITY ==========
Internet Status : Connected

========== WEBSITE REACHABILITY ==========
https://www.google.com : Reachable (HTTP 200)
Daily Report Generated : /home/ec2-user/server-monitor/reports/server-report-2026-07-21.txt
==========================================
Date      : Tue Jul 21 11:02:21 UTC 2026
Hostname  : ip-172-31-22-176.ec2.internal
CPU Usage      : 3%
Memory Usage   : 58%
Disk Usage     : 36%

========== SERVICE STATUS ==========
nginx : Running
httpd : Running
jenkins : Running
docker : Running

========== DISK INODE ==========
Disk Inode Usage : 2%

========== NETWORK CONNECTIVITY ==========
Internet Status : Connected

========== WEBSITE REACHABILITY ==========
https://www.google.com : Reachable (HTTP 200)
Daily Report Generated : /home/ec2-user/server-monitor/reports/server-report-2026-07-21.txt
